<?xml version="1.0" encoding="utf-8"?><testsuites><testsuite name="pytest" errors="0" failures="0" skipped="0" tests="4" time="10.379" timestamp="2025-03-05T03:01:06.971442" hostname="Aquiless-MacBook-Pro.local"><testcase classname="tests.model.test_model.TestModel" name="test_model_fit" time="3.645" /><testcase classname="tests.model.test_model.TestModel" name="test_model_predict" time="2.026" /><testcase classname="tests.model.test_model.TestModel" name="test_model_preprocess_for_serving" time="2.016" /><testcase classname="tests.model.test_model.TestModel" name="test_model_preprocess_for_training" time="1.968" /></testsuite></testsuites>
