<?xml version="1.0" encoding="utf-8"?><testsuites><testsuite name="pytest" errors="0" failures="0" skipped="0" tests="4" time="0.872" timestamp="2025-03-05T14:14:22.669994" hostname="Aquiless-MacBook-Pro.local"><testcase classname="tests.api.test_api.TestBatchPipeline" name="test_should_failed_unkown_column_1" time="0.022" /><testcase classname="tests.api.test_api.TestBatchPipeline" name="test_should_failed_unkown_column_2" time="0.001" /><testcase classname="tests.api.test_api.TestBatchPipeline" name="test_should_failed_unkown_column_3" time="0.001" /><testcase classname="tests.api.test_api.TestBatchPipeline" name="test_should_get_predict" time="0.008" /></testsuite></testsuites>
