<?xml version="1.0" encoding="utf-8"?><testsuites><testsuite name="pytest" errors="0" failures="0" skipped="0" tests="0" time="0.008" timestamp="2025-03-04T23:50:41.541277" hostname="Aquiless-MacBook-Pro.local" /></testsuites>
